<?xml version="1.0" encoding="UTF-8"?>
<!-- Generated by org.testng.reporters.JUnitReportReporter -->
<testsuite hostname="DESKTOP-0I7U76T" failures="0" tests="2" name="com.id.bd.TestNGExp" time="0.009" errors="0" timestamp="2023-06-15T04:26:37 BDT" skipped="0">
  <testcase classname="com.id.bd.TestNGExp" name="firstTestMethode" time="0.005"/>
  <testcase classname="com.id.bd.TestNGExp" name="secondTestMethode" time="0.004"/>
</testsuite> <!-- com.id.bd.TestNGExp -->
