<?xml version="1.0" encoding="UTF-8"?>
<!-- Generated by org.testng.reporters.JUnitReportReporter -->
<testsuite hostname="DESKTOP-0I7U76T" failures="0" tests="1" name="com.id.bd.LocatorsExp" time="7.706" errors="0" timestamp="2023-06-15T05:36:06 BDT" skipped="0">
  <testcase classname="com.id.bd.LocatorsExp" name="testLocators" time="7.706"/>
</testsuite> <!-- com.id.bd.LocatorsExp -->
