<?xml version="1.0" encoding="UTF-8"?>
<!-- Generated by org.testng.reporters.JUnitReportReporter -->
<testsuite hostname="DESKTOP-0I7U76T" failures="0" tests="1" name="com.id.bd.FirstAutomaion" time="9.037" errors="0" timestamp="2023-06-14T01:41:57 BDT" skipped="0">
  <testcase classname="com.id.bd.FirstAutomaion" name="firstTest" time="9.037"/>
</testsuite> <!-- com.id.bd.FirstAutomaion -->
